<?xml version="1.0" encoding="UTF-8"?>
<testng-results ignored="0" total="1" passed="1" failed="0" skipped="0">
  <reporter-output>
  </reporter-output>
  <suite started-at="2023-09-05T15:17:15 IST" name="Default suite" finished-at="2023-09-05T15:17:23 IST" duration-ms="8447">
    <groups>
    </groups>
    <test started-at="2023-09-05T15:17:15 IST" name="Default test" finished-at="2023-09-05T15:17:23 IST" duration-ms="8447">
      <class name="com.about_demoqa_selenium.WidgetsTabs">
        <test-method is-config="true" signature="setUp()[pri:0, instance:com.about_demoqa_selenium.WidgetsTabs@413d1baf]" started-at="2023-09-05T15:17:15 IST" name="setUp" finished-at="2023-09-05T15:17:17 IST" duration-ms="1825" status="PASS">
          <reporter-output>
          </reporter-output>
        </test-method> <!-- setUp -->
        <test-method signature="widgetsAccordian()[pri:1, instance:com.about_demoqa_selenium.WidgetsTabs@413d1baf]" started-at="2023-09-05T15:17:17 IST" name="widgetsAccordian" finished-at="2023-09-05T15:17:23 IST" duration-ms="6580" status="PASS">
          <reporter-output>
          </reporter-output>
        </test-method> <!-- widgetsAccordian -->
      </class> <!-- com.about_demoqa_selenium.WidgetsTabs -->
    </test> <!-- Default test -->
  </suite> <!-- Default suite -->
</testng-results>
